<?xml version="1.0" encoding="UTF-8"?>
<!-- Generated by org.testng.reporters.JUnitXMLReporter -->
<testsuite ignored="0" hostname="EPINBANW0416" failures="1" tests="1" name="Launch EPAM-0" time="19.009" errors="0" timestamp="2022-11-17T17:08:20 IST">
  <testcase classname="tests.ChromeTests2" name="launchEPAM" time="8.218">
    <failure type="java.lang.RuntimeException" message="java.lang.AssertionError: expected [true] but found [false]">
      <![CDATA[java.lang.RuntimeException: java.lang.AssertionError: expected [true] but found [false]
at tests.ChromeTests2.launchEPAM(ChromeTests2.java:71)
at java.base/java.util.ArrayList.forEach(ArrayList.java:1511)
at java.base/java.util.concurrent.FutureTask.run(FutureTask.java:264)
at java.base/java.util.concurrent.ThreadPoolExecutor.runWorker(ThreadPoolExecutor.java:1136)
at java.base/java.util.concurrent.ThreadPoolExecutor$Worker.run(ThreadPoolExecutor.java:635)
at java.base/java.lang.Thread.run(Thread.java:833)
Caused by: java.lang.AssertionError: expected [true] but found [false]
at tests.ChromeTests2.launchEPAM(ChromeTests2.java:67)
... 22 more
... Removed 21 stack frames]]>
    </failure>
  </testcase> <!-- launchEPAM -->
</testsuite> <!-- Launch EPAM-0 -->
