<?xml version="1.0" encoding="UTF-8"?>
<testng-results ignored="0" total="2" passed="1" failed="1" skipped="0">
  <reporter-output>
  </reporter-output>
  <suite started-at="2022-11-17T17:08:01 IST" name="Suite" finished-at="2022-11-17T17:08:20 IST" duration-ms="19009">
    <groups>
    </groups>
    <test started-at="2022-11-17T17:08:01 IST" name="Search EPAM-0" finished-at="2022-11-17T17:08:20 IST" duration-ms="18927">
      <class name="tests.ChromeTests1">
        <test-method is-config="true" signature="startUp()[pri:0, instance:tests.ChromeTests1@68759011]" started-at="2022-11-17T17:08:01 IST" name="startUp" finished-at="2022-11-17T17:08:10 IST" duration-ms="8749" status="PASS">
          <reporter-output>
          </reporter-output>
        </test-method> <!-- startUp -->
        <test-method signature="searchEPAMInChrome()[pri:0, instance:tests.ChromeTests1@68759011]" started-at="2022-11-17T17:08:10 IST" name="searchEPAMInChrome" finished-at="2022-11-17T17:08:18 IST" duration-ms="7848" status="PASS">
          <reporter-output>
          </reporter-output>
        </test-method> <!-- searchEPAMInChrome -->
        <test-method is-config="true" signature="tearDown()[pri:0, instance:tests.ChromeTests1@68759011]" started-at="2022-11-17T17:08:18 IST" name="tearDown" finished-at="2022-11-17T17:08:20 IST" duration-ms="2274" status="PASS">
          <reporter-output>
          </reporter-output>
        </test-method> <!-- tearDown -->
      </class> <!-- tests.ChromeTests1 -->
    </test> <!-- Search EPAM-0 -->
    <test started-at="2022-11-17T17:08:01 IST" name="Launch EPAM-0" finished-at="2022-11-17T17:08:20 IST" duration-ms="19009">
      <class name="tests.ChromeTests2">
        <test-method is-config="true" signature="startUp()[pri:0, instance:tests.ChromeTests2@3d8bbcdc]" started-at="2022-11-17T17:08:01 IST" name="startUp" finished-at="2022-11-17T17:08:10 IST" duration-ms="8497" status="PASS">
          <reporter-output>
          </reporter-output>
        </test-method> <!-- startUp -->
        <test-method signature="launchEPAM()[pri:0, instance:tests.ChromeTests2@3d8bbcdc]" started-at="2022-11-17T17:08:10 IST" name="launchEPAM" finished-at="2022-11-17T17:08:18 IST" duration-ms="8218" status="FAIL">
          <exception class="java.lang.RuntimeException">
            <message>
              <![CDATA[java.lang.AssertionError: expected [true] but found [false]]]>
            </message>
            <full-stacktrace>
              <![CDATA[java.lang.RuntimeException: java.lang.AssertionError: expected [true] but found [false]
at tests.ChromeTests2.launchEPAM(ChromeTests2.java:71)
at java.base/jdk.internal.reflect.NativeMethodAccessorImpl.invoke0(Native Method)
at java.base/jdk.internal.reflect.NativeMethodAccessorImpl.invoke(NativeMethodAccessorImpl.java:77)
at java.base/jdk.internal.reflect.DelegatingMethodAccessorImpl.invoke(DelegatingMethodAccessorImpl.java:43)
at java.base/java.lang.reflect.Method.invoke(Method.java:568)
at org.testng.internal.invokers.MethodInvocationHelper.invokeMethod(MethodInvocationHelper.java:139)
at org.testng.internal.invokers.TestInvoker.invokeMethod(TestInvoker.java:677)
at org.testng.internal.invokers.TestInvoker.invokeTestMethod(TestInvoker.java:221)
at org.testng.internal.invokers.MethodRunner.runInSequence(MethodRunner.java:50)
at org.testng.internal.invokers.TestInvoker$MethodInvocationAgent.invoke(TestInvoker.java:962)
at org.testng.internal.invokers.TestInvoker.invokeTestMethods(TestInvoker.java:194)
at org.testng.internal.invokers.TestMethodWorker.invokeTestMethods(TestMethodWorker.java:148)
at org.testng.internal.invokers.TestMethodWorker.run(TestMethodWorker.java:128)
at java.base/java.util.ArrayList.forEach(ArrayList.java:1511)
at org.testng.TestRunner.privateRun(TestRunner.java:806)
at org.testng.TestRunner.run(TestRunner.java:601)
at org.testng.SuiteRunner.runTest(SuiteRunner.java:433)
at org.testng.SuiteRunner$SuiteWorker.run(SuiteRunner.java:471)
at org.testng.internal.thread.ThreadUtil.lambda$execute$0(ThreadUtil.java:58)
at java.base/java.util.concurrent.FutureTask.run(FutureTask.java:264)
at java.base/java.util.concurrent.ThreadPoolExecutor.runWorker(ThreadPoolExecutor.java:1136)
at java.base/java.util.concurrent.ThreadPoolExecutor$Worker.run(ThreadPoolExecutor.java:635)
at java.base/java.lang.Thread.run(Thread.java:833)
Caused by: java.lang.AssertionError: expected [true] but found [false]
at org.testng.Assert.fail(Assert.java:110)
at org.testng.Assert.failNotEquals(Assert.java:1413)
at org.testng.Assert.assertTrue(Assert.java:56)
at org.testng.Assert.assertTrue(Assert.java:66)
at tests.ChromeTests2.launchEPAM(ChromeTests2.java:67)
... 22 more
]]>
            </full-stacktrace>
          </exception> <!-- java.lang.RuntimeException -->
          <reporter-output>
          </reporter-output>
        </test-method> <!-- launchEPAM -->
        <test-method is-config="true" signature="tearDown()[pri:0, instance:tests.ChromeTests2@3d8bbcdc]" started-at="2022-11-17T17:08:18 IST" name="tearDown" finished-at="2022-11-17T17:08:20 IST" duration-ms="2206" status="PASS">
          <reporter-output>
          </reporter-output>
        </test-method> <!-- tearDown -->
      </class> <!-- tests.ChromeTests2 -->
    </test> <!-- Launch EPAM-0 -->
  </suite> <!-- Suite -->
</testng-results>
